<?xml version="1.0" encoding="utf-8"?>
<test-run id="2" name="Delegates.Reports.exe" fullname="D:/home/OOP/Delegates/Delegates.Reports/bin/Debug/Delegates.Reports.exe" testcasecount="1" result="Passed" start-time="2017-03-13 09:25:47Z" end-time="2017-03-13 09:25:48Z" duration="0.071839" total="1" passed="1" failed="0" inconclusive="0" skipped="0" asserts="1" random-seed="266452321">
  <command-line><![CDATA["D:\home\OOP\Delegates\Delegates.Reports\bin\Debug\Delegates.Reports.exe" ]]></command-line>
  <filter />
  <test-suite type="Assembly" id="1002" name="Delegates.Reports.exe" fullname="D:/home/OOP/Delegates/Delegates.Reports/bin/Debug/Delegates.Reports.exe" runstate="Runnable" testcasecount="1" result="Passed" start-time="2017-03-13 09:25:47Z" end-time="2017-03-13 09:25:48Z" duration="0.071839" total="1" passed="1" failed="0" warnings="0" inconclusive="0" skipped="0" asserts="1">
    <environment framework-version="3.6.0.0" clr-version="4.0.30319.42000" os-version="Microsoft Windows NT 6.2.9200.0" platform="Win32NT" cwd="D:\home\OOP\Delegates\Delegates.Reports\bin\Debug" machine-name="DESKTOP-2TCIE93" user="JoJol" user-domain="DESKTOP-2TCIE93" culture="en-US" uiculture="en-US" os-architecture="x86" />
    <settings>
      <setting name="WorkDirectory" value="D:\home\OOP\Delegates\Delegates.Reports\bin\Debug" />
      <setting name="NumberOfTestWorkers" value="4" />
    </settings>
    <properties>
      <property name="_PID" value="12076" />
      <property name="_APPDOMAIN" value="Delegates.Reports.exe" />
    </properties>
    <test-suite type="TestSuite" id="1003" name="Delegates" fullname="Delegates" runstate="Runnable" testcasecount="1" result="Passed" start-time="2017-03-13 09:25:47Z" end-time="2017-03-13 09:25:48Z" duration="0.055519" total="1" passed="1" failed="0" warnings="0" inconclusive="0" skipped="0" asserts="1">
      <test-suite type="TestSuite" id="1004" name="Reports" fullname="Delegates.Reports" runstate="Runnable" testcasecount="1" result="Passed" start-time="2017-03-13 09:25:47Z" end-time="2017-03-13 09:25:48Z" duration="0.051961" total="1" passed="1" failed="0" warnings="0" inconclusive="0" skipped="0" asserts="1">
        <test-suite type="TestFixture" id="1000" name="ReportMaker_should" fullname="Delegates.Reports.ReportMaker_should" classname="Delegates.Reports.ReportMaker_should" runstate="Runnable" testcasecount="1" result="Passed" start-time="2017-03-13 09:25:47Z" end-time="2017-03-13 09:25:48Z" duration="0.045683" total="1" passed="1" failed="0" warnings="0" inconclusive="0" skipped="0" asserts="1">
          <test-case id="1001" name="CheckFirstReport" fullname="Delegates.Reports.ReportMaker_should.CheckFirstReport" methodname="CheckFirstReport" classname="Delegates.Reports.ReportMaker_should" runstate="Runnable" seed="908048219" result="Passed" start-time="2017-03-13 09:25:47Z" end-time="2017-03-13 09:25:47Z" duration="0.031111" asserts="1" />
        </test-suite>
      </test-suite>
    </test-suite>
  </test-suite>
</test-run>