<?xml version="1.0" encoding="utf-8"?>
<test-run id="2" name="Inheritance.DataStructure.exe" fullname="/home/jojolkree/OOP/Inheritance.DataStructure/bin/Debug/Inheritance.DataStructure.exe" testcasecount="5" result="Passed" start-time="2017-03-01 15:01:54Z" end-time="2017-03-01 15:01:54Z" duration="0.079149" total="5" passed="5" failed="0" inconclusive="0" skipped="0" asserts="132" random-seed="1359624456">
  <command-line><![CDATA[/home/jojolkree/OOP/Inheritance.DataStructure/bin/Debug/Inheritance.DataStructure.exe]]></command-line>
  <filter />
  <test-suite type="Assembly" id="1006" name="Inheritance.DataStructure.exe" fullname="/home/jojolkree/OOP/Inheritance.DataStructure/bin/Debug/Inheritance.DataStructure.exe" runstate="Runnable" testcasecount="5" result="Passed" start-time="2017-03-01 15:01:54Z" end-time="2017-03-01 15:01:54Z" duration="0.079149" total="5" passed="5" failed="0" warnings="0" inconclusive="0" skipped="0" asserts="132">
    <environment framework-version="3.6.0.0" clr-version="4.0.30319.42000" os-version="Unix 4.8.0.39" platform="Unix" cwd="/home/jojolkree/OOP/Inheritance.DataStructure/bin/Debug" machine-name="JoJoNotebook" user="jojolkree" user-domain="JoJoNotebook" culture="en-US" uiculture="en-US" os-architecture="x64" />
    <settings>
      <setting name="WorkDirectory" value="/home/jojolkree/OOP/Inheritance.DataStructure/bin/Debug" />
      <setting name="NumberOfTestWorkers" value="4" />
    </settings>
    <properties>
      <property name="_PID" value="10760" />
      <property name="_APPDOMAIN" value="Inheritance.DataStructure.exe" />
    </properties>
    <test-suite type="TestSuite" id="1007" name="Inheritance" fullname="Inheritance" runstate="Runnable" testcasecount="5" result="Passed" start-time="2017-03-01 15:01:54Z" end-time="2017-03-01 15:01:54Z" duration="0.061442" total="5" passed="5" failed="0" warnings="0" inconclusive="0" skipped="0" asserts="132">
      <test-suite type="TestSuite" id="1008" name="DataStructure" fullname="Inheritance.DataStructure" runstate="Runnable" testcasecount="5" result="Passed" start-time="2017-03-01 15:01:54Z" end-time="2017-03-01 15:01:54Z" duration="0.058387" total="5" passed="5" failed="0" warnings="0" inconclusive="0" skipped="0" asserts="132">
        <test-suite type="TestFixture" id="1000" name="Category_should" fullname="Inheritance.DataStructure.Category_should" classname="Inheritance.DataStructure.Category_should" runstate="Runnable" testcasecount="5" result="Passed" start-time="2017-03-01 15:01:54Z" end-time="2017-03-01 15:01:54Z" duration="0.053559" total="5" passed="5" failed="0" warnings="0" inconclusive="0" skipped="0" asserts="132">
          <test-case id="1002" name="ImplementCompareToCorrectly" fullname="Inheritance.DataStructure.Category_should.ImplementCompareToCorrectly" methodname="ImplementCompareToCorrectly" classname="Inheritance.DataStructure.Category_should" runstate="Runnable" seed="1093741777" result="Passed" start-time="2017-03-01 15:01:54Z" end-time="2017-03-01 15:01:54Z" duration="0.022555" asserts="17" />
          <test-case id="1001" name="ImplementEqualsCorrectly" fullname="Inheritance.DataStructure.Category_should.ImplementEqualsCorrectly" methodname="ImplementEqualsCorrectly" classname="Inheritance.DataStructure.Category_should" runstate="Runnable" seed="846024506" result="Passed" start-time="2017-03-01 15:01:54Z" end-time="2017-03-01 15:01:54Z" duration="0.005105" asserts="17" />
          <test-case id="1004" name="ImplementIComparableInterface" fullname="Inheritance.DataStructure.Category_should.ImplementIComparableInterface" methodname="ImplementIComparableInterface" classname="Inheritance.DataStructure.Category_should" runstate="Runnable" seed="508477000" result="Passed" start-time="2017-03-01 15:01:54Z" end-time="2017-03-01 15:01:54Z" duration="0.000310" asserts="1" />
          <test-case id="1003" name="ImplementOperatorsCorrectly" fullname="Inheritance.DataStructure.Category_should.ImplementOperatorsCorrectly" methodname="ImplementOperatorsCorrectly" classname="Inheritance.DataStructure.Category_should" runstate="Runnable" seed="1879308686" result="Passed" start-time="2017-03-01 15:01:54Z" end-time="2017-03-01 15:01:54Z" duration="0.002896" asserts="96" />
          <test-case id="1005" name="ImplementToStringCorrectly" fullname="Inheritance.DataStructure.Category_should.ImplementToStringCorrectly" methodname="ImplementToStringCorrectly" classname="Inheritance.DataStructure.Category_should" runstate="Runnable" seed="507837447" result="Passed" start-time="2017-03-01 15:01:54Z" end-time="2017-03-01 15:01:54Z" duration="0.001489" asserts="1" />
        </test-suite>
      </test-suite>
    </test-suite>
  </test-suite>
</test-run>