<?xml version="1.0" encoding="utf-8"?>
<test-run id="2" name="Incapsulation.Failures.exe" fullname="/home/jojolkree/OOP/Incapsulation.Failures/bin/Debug/Incapsulation.Failures.exe" testcasecount="1" result="Passed" start-time="2017-02-18 18:04:33Z" end-time="2017-02-18 18:04:33Z" duration="0.084207" total="1" passed="1" failed="0" inconclusive="0" skipped="0" asserts="1" random-seed="390009964">
  <command-line><![CDATA[/home/jojolkree/OOP/Incapsulation.Failures/bin/Debug/Incapsulation.Failures.exe]]></command-line>
  <filter />
  <test-suite type="Assembly" id="1002" name="Incapsulation.Failures.exe" fullname="/home/jojolkree/OOP/Incapsulation.Failures/bin/Debug/Incapsulation.Failures.exe" runstate="Runnable" testcasecount="1" result="Passed" start-time="2017-02-18 18:04:33Z" end-time="2017-02-18 18:04:33Z" duration="0.084207" total="1" passed="1" failed="0" warnings="0" inconclusive="0" skipped="0" asserts="1">
    <environment framework-version="3.6.0.0" clr-version="4.0.30319.42000" os-version="Unix 4.8.0.37" platform="Unix" cwd="/home/jojolkree/OOP/Incapsulation.Failures/bin/Debug" machine-name="JoJoNotebook" user="jojolkree" user-domain="JoJoNotebook" culture="en-US" uiculture="en-US" os-architecture="x64" />
    <settings>
      <setting name="WorkDirectory" value="/home/jojolkree/OOP/Incapsulation.Failures/bin/Debug" />
      <setting name="NumberOfTestWorkers" value="4" />
    </settings>
    <properties>
      <property name="_PID" value="3551" />
      <property name="_APPDOMAIN" value="Incapsulation.Failures.exe" />
    </properties>
    <test-suite type="TestSuite" id="1003" name="Incapsulation" fullname="Incapsulation" runstate="Runnable" testcasecount="1" result="Passed" start-time="2017-02-18 18:04:33Z" end-time="2017-02-18 18:04:33Z" duration="0.065141" total="1" passed="1" failed="0" warnings="0" inconclusive="0" skipped="0" asserts="1">
      <test-suite type="TestSuite" id="1004" name="Failures" fullname="Incapsulation.Failures" runstate="Runnable" testcasecount="1" result="Passed" start-time="2017-02-18 18:04:33Z" end-time="2017-02-18 18:04:33Z" duration="0.062416" total="1" passed="1" failed="0" warnings="0" inconclusive="0" skipped="0" asserts="1">
        <test-suite type="TestFixture" id="1000" name="ReportMaker_should" fullname="Incapsulation.Failures.ReportMaker_should" classname="Incapsulation.Failures.ReportMaker_should" runstate="Runnable" testcasecount="1" result="Passed" start-time="2017-02-18 18:04:33Z" end-time="2017-02-18 18:04:33Z" duration="0.057214" total="1" passed="1" failed="0" warnings="0" inconclusive="0" skipped="0" asserts="1">
          <test-case id="1001" name="WorkCorrectly" fullname="Incapsulation.Failures.ReportMaker_should.WorkCorrectly" methodname="WorkCorrectly" classname="Incapsulation.Failures.ReportMaker_should" runstate="Runnable" seed="1312022427" result="Passed" start-time="2017-02-18 18:04:33Z" end-time="2017-02-18 18:04:33Z" duration="0.041234" asserts="1" />
        </test-suite>
      </test-suite>
    </test-suite>
  </test-suite>
</test-run>