<?xml version="1.0" encoding="utf-8"?>
<test-run id="2" name="Incapsulation.RationalNumbers.exe" fullname="/home/jojolkree/OOP/Incapsulation.RationalNumbers/bin/Debug/Incapsulation.RationalNumbers.exe" testcasecount="20" result="Passed" start-time="2017-02-18 19:32:58Z" end-time="2017-02-18 19:32:58Z" duration="0.137267" total="20" passed="20" failed="0" inconclusive="0" skipped="0" asserts="35" random-seed="1016588462">
  <command-line><![CDATA[/home/jojolkree/OOP/Incapsulation.RationalNumbers/bin/Debug/Incapsulation.RationalNumbers.exe]]></command-line>
  <filter />
  <test-suite type="Assembly" id="1021" name="Incapsulation.RationalNumbers.exe" fullname="/home/jojolkree/OOP/Incapsulation.RationalNumbers/bin/Debug/Incapsulation.RationalNumbers.exe" runstate="Runnable" testcasecount="20" result="Passed" start-time="2017-02-18 19:32:58Z" end-time="2017-02-18 19:32:58Z" duration="0.137267" total="20" passed="20" failed="0" warnings="0" inconclusive="0" skipped="0" asserts="35">
    <environment framework-version="3.6.0.0" clr-version="4.0.30319.42000" os-version="Unix 4.8.0.37" platform="Unix" cwd="/home/jojolkree/OOP/Incapsulation.RationalNumbers/bin/Debug" machine-name="JoJoNotebook" user="jojolkree" user-domain="JoJoNotebook" culture="en-US" uiculture="en-US" os-architecture="x64" />
    <settings>
      <setting name="WorkDirectory" value="/home/jojolkree/OOP/Incapsulation.RationalNumbers/bin/Debug" />
      <setting name="NumberOfTestWorkers" value="4" />
    </settings>
    <properties>
      <property name="_PID" value="8764" />
      <property name="_APPDOMAIN" value="Incapsulation.RationalNumbers.exe" />
    </properties>
    <test-suite type="TestSuite" id="1022" name="Incapsulation" fullname="Incapsulation" runstate="Runnable" testcasecount="20" result="Passed" start-time="2017-02-18 19:32:58Z" end-time="2017-02-18 19:32:58Z" duration="0.114762" total="20" passed="20" failed="0" warnings="0" inconclusive="0" skipped="0" asserts="35">
      <test-suite type="TestSuite" id="1023" name="RationalNumbers" fullname="Incapsulation.RationalNumbers" runstate="Runnable" testcasecount="20" result="Passed" start-time="2017-02-18 19:32:58Z" end-time="2017-02-18 19:32:58Z" duration="0.112186" total="20" passed="20" failed="0" warnings="0" inconclusive="0" skipped="0" asserts="35">
        <test-suite type="TestFixture" id="1000" name="Rational_should" fullname="Incapsulation.RationalNumbers.Rational_should" classname="Incapsulation.RationalNumbers.Rational_should" runstate="Runnable" testcasecount="20" result="Passed" start-time="2017-02-18 19:32:58Z" end-time="2017-02-18 19:32:58Z" duration="0.107636" total="20" passed="20" failed="0" warnings="0" inconclusive="0" skipped="0" asserts="35">
          <test-case id="1018" name="ConvertFromInt" fullname="Incapsulation.RationalNumbers.Rational_should.ConvertFromInt" methodname="ConvertFromInt" classname="Incapsulation.RationalNumbers.Rational_should" runstate="Runnable" seed="409098452" result="Passed" start-time="2017-02-18 19:32:58Z" end-time="2017-02-18 19:32:58Z" duration="0.022551" asserts="2" />
          <test-case id="1017" name="ConvertToDouble" fullname="Incapsulation.RationalNumbers.Rational_should.ConvertToDouble" methodname="ConvertToDouble" classname="Incapsulation.RationalNumbers.Rational_should" runstate="Runnable" seed="1112960042" result="Passed" start-time="2017-02-18 19:32:58Z" end-time="2017-02-18 19:32:58Z" duration="0.002336" asserts="1" />
          <test-case id="1014" name="Divide" fullname="Incapsulation.RationalNumbers.Rational_should.Divide" methodname="Divide" classname="Incapsulation.RationalNumbers.Rational_should" runstate="Runnable" seed="1712107741" result="Passed" start-time="2017-02-18 19:32:58Z" end-time="2017-02-18 19:32:58Z" duration="0.000757" asserts="2" />
          <test-case id="1016" name="DivideToZero" fullname="Incapsulation.RationalNumbers.Rational_should.DivideToZero" methodname="DivideToZero" classname="Incapsulation.RationalNumbers.Rational_should" runstate="Runnable" seed="1860918711" result="Passed" start-time="2017-02-18 19:32:58Z" end-time="2017-02-18 19:32:58Z" duration="0.001980" asserts="1" />
          <test-case id="1015" name="DivideWithNan" fullname="Incapsulation.RationalNumbers.Rational_should.DivideWithNan" methodname="DivideWithNan" classname="Incapsulation.RationalNumbers.Rational_should" runstate="Runnable" seed="1838810773" result="Passed" start-time="2017-02-18 19:32:58Z" end-time="2017-02-18 19:32:58Z" duration="0.001401" asserts="2" />
          <test-case id="1019" name="ExplicitlyConvertToInt" fullname="Incapsulation.RationalNumbers.Rational_should.ExplicitlyConvertToInt" methodname="ExplicitlyConvertToInt" classname="Incapsulation.RationalNumbers.Rational_should" runstate="Runnable" seed="1138603854" result="Passed" start-time="2017-02-18 19:32:58Z" end-time="2017-02-18 19:32:58Z" duration="0.000586" asserts="1" />
          <test-case id="1020" name="ExplicitlyConvertToIntAndFailsIfNonCorvertable" fullname="Incapsulation.RationalNumbers.Rational_should.ExplicitlyConvertToIntAndFailsIfNonCorvertable" methodname="ExplicitlyConvertToIntAndFailsIfNonCorvertable" classname="Incapsulation.RationalNumbers.Rational_should" runstate="Runnable" seed="2086155416" result="Passed" start-time="2017-02-18 19:32:58Z" end-time="2017-02-18 19:32:58Z" duration="0.006080" asserts="1" />
          <test-case id="1004" name="InitializeAndReduce1" fullname="Incapsulation.RationalNumbers.Rational_should.InitializeAndReduce1" methodname="InitializeAndReduce1" classname="Incapsulation.RationalNumbers.Rational_should" runstate="Runnable" seed="891255654" result="Passed" start-time="2017-02-18 19:32:58Z" end-time="2017-02-18 19:32:58Z" duration="0.000374" asserts="2" />
          <test-case id="1005" name="InitializeAndReduce2" fullname="Incapsulation.RationalNumbers.Rational_should.InitializeAndReduce2" methodname="InitializeAndReduce2" classname="Incapsulation.RationalNumbers.Rational_should" runstate="Runnable" seed="2078220342" result="Passed" start-time="2017-02-18 19:32:58Z" end-time="2017-02-18 19:32:58Z" duration="0.000226" asserts="2" />
          <test-case id="1006" name="InitializeAndReduce3" fullname="Incapsulation.RationalNumbers.Rational_should.InitializeAndReduce3" methodname="InitializeAndReduce3" classname="Incapsulation.RationalNumbers.Rational_should" runstate="Runnable" seed="1394540737" result="Passed" start-time="2017-02-18 19:32:58Z" end-time="2017-02-18 19:32:58Z" duration="0.000236" asserts="2" />
          <test-case id="1007" name="InitializeAndReduce4" fullname="Incapsulation.RationalNumbers.Rational_should.InitializeAndReduce4" methodname="InitializeAndReduce4" classname="Incapsulation.RationalNumbers.Rational_should" runstate="Runnable" seed="1173816086" result="Passed" start-time="2017-02-18 19:32:58Z" end-time="2017-02-18 19:32:58Z" duration="0.000356" asserts="2" />
          <test-case id="1001" name="InitializeCorrectly1" fullname="Incapsulation.RationalNumbers.Rational_should.InitializeCorrectly1" methodname="InitializeCorrectly1" classname="Incapsulation.RationalNumbers.Rational_should" runstate="Runnable" seed="341084924" result="Passed" start-time="2017-02-18 19:32:58Z" end-time="2017-02-18 19:32:58Z" duration="0.000413" asserts="2" />
          <test-case id="1003" name="InitializeWithZeroDenomerator" fullname="Incapsulation.RationalNumbers.Rational_should.InitializeWithZeroDenomerator" methodname="InitializeWithZeroDenomerator" classname="Incapsulation.RationalNumbers.Rational_should" runstate="Runnable" seed="197655845" result="Passed" start-time="2017-02-18 19:32:58Z" end-time="2017-02-18 19:32:58Z" duration="0.000893" asserts="1" />
          <test-case id="1002" name="InitializeWitoutDenomerator" fullname="Incapsulation.RationalNumbers.Rational_should.InitializeWitoutDenomerator" methodname="InitializeWitoutDenomerator" classname="Incapsulation.RationalNumbers.Rational_should" runstate="Runnable" seed="1393445277" result="Passed" start-time="2017-02-18 19:32:58Z" end-time="2017-02-18 19:32:58Z" duration="0.000380" asserts="2" />
          <test-case id="1012" name="Multiply" fullname="Incapsulation.RationalNumbers.Rational_should.Multiply" methodname="Multiply" classname="Incapsulation.RationalNumbers.Rational_should" runstate="Runnable" seed="1878491714" result="Passed" start-time="2017-02-18 19:32:58Z" end-time="2017-02-18 19:32:58Z" duration="0.000528" asserts="2" />
          <test-case id="1013" name="MultiplyWithNan" fullname="Incapsulation.RationalNumbers.Rational_should.MultiplyWithNan" methodname="MultiplyWithNan" classname="Incapsulation.RationalNumbers.Rational_should" runstate="Runnable" seed="1382824973" result="Passed" start-time="2017-02-18 19:32:58Z" end-time="2017-02-18 19:32:58Z" duration="0.000480" asserts="2" />
          <test-case id="1010" name="Subtract" fullname="Incapsulation.RationalNumbers.Rational_should.Subtract" methodname="Subtract" classname="Incapsulation.RationalNumbers.Rational_should" runstate="Runnable" seed="651096675" result="Passed" start-time="2017-02-18 19:32:58Z" end-time="2017-02-18 19:32:58Z" duration="0.000522" asserts="2" />
          <test-case id="1011" name="SubtractWithNan" fullname="Incapsulation.RationalNumbers.Rational_should.SubtractWithNan" methodname="SubtractWithNan" classname="Incapsulation.RationalNumbers.Rational_should" runstate="Runnable" seed="993585113" result="Passed" start-time="2017-02-18 19:32:58Z" end-time="2017-02-18 19:32:58Z" duration="0.000531" asserts="2" />
          <test-case id="1008" name="Sum" fullname="Incapsulation.RationalNumbers.Rational_should.Sum" methodname="Sum" classname="Incapsulation.RationalNumbers.Rational_should" runstate="Runnable" seed="107293849" result="Passed" start-time="2017-02-18 19:32:58Z" end-time="2017-02-18 19:32:58Z" duration="0.000587" asserts="2" />
          <test-case id="1009" name="SumWithNan" fullname="Incapsulation.RationalNumbers.Rational_should.SumWithNan" methodname="SumWithNan" classname="Incapsulation.RationalNumbers.Rational_should" runstate="Runnable" seed="1800878164" result="Passed" start-time="2017-02-18 19:32:58Z" end-time="2017-02-18 19:32:58Z" duration="0.000395" asserts="2" />
        </test-suite>
      </test-suite>
    </test-suite>
  </test-suite>
</test-run>