<?xml version="1.0" encoding="utf-8"?>
<test-run id="2" name="Inheritance.Virtual.exe" fullname="/home/jojolkree/OOP/Inheritance.Geometry/bin/Debug/Inheritance.Virtual.exe" testcasecount="3" result="Passed" start-time="2017-03-01 15:22:43Z" end-time="2017-03-01 15:22:44Z" duration="0.063546" total="3" passed="3" failed="0" inconclusive="0" skipped="0" asserts="3" random-seed="1826535133">
  <command-line><![CDATA[/home/jojolkree/OOP/Inheritance.Geometry/bin/Debug/Inheritance.Virtual.exe]]></command-line>
  <filter />
  <test-suite type="Assembly" id="1004" name="Inheritance.Virtual.exe" fullname="/home/jojolkree/OOP/Inheritance.Geometry/bin/Debug/Inheritance.Virtual.exe" runstate="Runnable" testcasecount="3" result="Passed" start-time="2017-03-01 15:22:43Z" end-time="2017-03-01 15:22:44Z" duration="0.063546" total="3" passed="3" failed="0" warnings="0" inconclusive="0" skipped="0" asserts="3">
    <environment framework-version="3.6.0.0" clr-version="4.0.30319.42000" os-version="Unix 4.8.0.39" platform="Unix" cwd="/home/jojolkree/OOP/Inheritance.Geometry/bin/Debug" machine-name="JoJoNotebook" user="jojolkree" user-domain="JoJoNotebook" culture="en-US" uiculture="en-US" os-architecture="x64" />
    <settings>
      <setting name="WorkDirectory" value="/home/jojolkree/OOP/Inheritance.Geometry/bin/Debug" />
      <setting name="NumberOfTestWorkers" value="4" />
    </settings>
    <properties>
      <property name="_PID" value="12422" />
      <property name="_APPDOMAIN" value="Inheritance.Virtual.exe" />
    </properties>
    <test-suite type="TestSuite" id="1005" name="Inheritance" fullname="Inheritance" runstate="Runnable" testcasecount="3" result="Passed" start-time="2017-03-01 15:22:43Z" end-time="2017-03-01 15:22:44Z" duration="0.044205" total="3" passed="3" failed="0" warnings="0" inconclusive="0" skipped="0" asserts="3">
      <test-suite type="TestSuite" id="1006" name="Geometry" fullname="Inheritance.Geometry" runstate="Runnable" testcasecount="3" result="Passed" start-time="2017-03-01 15:22:43Z" end-time="2017-03-01 15:22:44Z" duration="0.041524" total="3" passed="3" failed="0" warnings="0" inconclusive="0" skipped="0" asserts="3">
        <test-suite type="TestFixture" id="1000" name="Volume_should" fullname="Inheritance.Geometry.Volume_should" classname="Inheritance.Geometry.Volume_should" runstate="Runnable" testcasecount="3" result="Passed" start-time="2017-03-01 15:22:43Z" end-time="2017-03-01 15:22:44Z" duration="0.036879" total="3" passed="3" failed="0" warnings="0" inconclusive="0" skipped="0" asserts="3">
          <test-case id="1001" name="BeCorrectForBall" fullname="Inheritance.Geometry.Volume_should.BeCorrectForBall" methodname="BeCorrectForBall" classname="Inheritance.Geometry.Volume_should" runstate="Runnable" seed="1162294449" result="Passed" start-time="2017-03-01 15:22:43Z" end-time="2017-03-01 15:22:44Z" duration="0.018975" asserts="1" />
          <test-case id="1002" name="BeCorrectForCube" fullname="Inheritance.Geometry.Volume_should.BeCorrectForCube" methodname="BeCorrectForCube" classname="Inheritance.Geometry.Volume_should" runstate="Runnable" seed="1198823751" result="Passed" start-time="2017-03-01 15:22:44Z" end-time="2017-03-01 15:22:44Z" duration="0.000542" asserts="1" />
          <test-case id="1003" name="BeCorrectForCyllinder" fullname="Inheritance.Geometry.Volume_should.BeCorrectForCyllinder" methodname="BeCorrectForCyllinder" classname="Inheritance.Geometry.Volume_should" runstate="Runnable" seed="546243964" result="Passed" start-time="2017-03-01 15:22:44Z" end-time="2017-03-01 15:22:44Z" duration="0.000778" asserts="1" />
        </test-suite>
      </test-suite>
    </test-suite>
  </test-suite>
</test-run>