<?xml version="1.0" encoding="utf-8"?>
<test-run id="2" name="Generics.Robots.exe" fullname="/home/jojolkree/OOP/Generics.Robots/bin/Debug/Generics.Robots.exe" testcasecount="2" result="Passed" start-time="2017-03-05 18:15:44Z" end-time="2017-03-05 18:15:44Z" duration="0.060004" total="2" passed="2" failed="0" inconclusive="0" skipped="0" asserts="2" random-seed="1244572390">
  <command-line><![CDATA[/home/jojolkree/OOP/Generics.Robots/bin/Debug/Generics.Robots.exe]]></command-line>
  <filter />
  <test-suite type="Assembly" id="1003" name="Generics.Robots.exe" fullname="/home/jojolkree/OOP/Generics.Robots/bin/Debug/Generics.Robots.exe" runstate="Runnable" testcasecount="2" result="Passed" start-time="2017-03-05 18:15:44Z" end-time="2017-03-05 18:15:44Z" duration="0.060004" total="2" passed="2" failed="0" warnings="0" inconclusive="0" skipped="0" asserts="2">
    <environment framework-version="3.6.0.0" clr-version="4.0.30319.42000" os-version="Unix 4.8.0.39" platform="Unix" cwd="/home/jojolkree/OOP/Generics.Robots/bin/Debug" machine-name="JoJoNotebook" user="jojolkree" user-domain="JoJoNotebook" culture="en-US" uiculture="en-US" os-architecture="x64" />
    <settings>
      <setting name="WorkDirectory" value="/home/jojolkree/OOP/Generics.Robots/bin/Debug" />
      <setting name="NumberOfTestWorkers" value="4" />
    </settings>
    <properties>
      <property name="_PID" value="18353" />
      <property name="_APPDOMAIN" value="Generics.Robots.exe" />
    </properties>
    <test-suite type="TestSuite" id="1004" name="Generics" fullname="Generics" runstate="Runnable" testcasecount="2" result="Passed" start-time="2017-03-05 18:15:44Z" end-time="2017-03-05 18:15:44Z" duration="0.045795" total="2" passed="2" failed="0" warnings="0" inconclusive="0" skipped="0" asserts="2">
      <test-suite type="TestSuite" id="1005" name="Robots" fullname="Generics.Robots" runstate="Runnable" testcasecount="2" result="Passed" start-time="2017-03-05 18:15:44Z" end-time="2017-03-05 18:15:44Z" duration="0.043321" total="2" passed="2" failed="0" warnings="0" inconclusive="0" skipped="0" asserts="2">
        <test-suite type="TestFixture" id="1000" name="Architecture_Should" fullname="Generics.Robots.Architecture_Should" classname="Generics.Robots.Architecture_Should" runstate="Runnable" testcasecount="2" result="Passed" start-time="2017-03-05 18:15:44Z" end-time="2017-03-05 18:15:44Z" duration="0.038986" total="2" passed="2" failed="0" warnings="0" inconclusive="0" skipped="0" asserts="2">
          <test-case id="1002" name="BeCorrectForBuilder" fullname="Generics.Robots.Architecture_Should.BeCorrectForBuilder" methodname="BeCorrectForBuilder" classname="Generics.Robots.Architecture_Should" runstate="Runnable" seed="1650974835" result="Passed" start-time="2017-03-05 18:15:44Z" end-time="2017-03-05 18:15:44Z" duration="0.025931" asserts="1" />
          <test-case id="1001" name="BeCorrectForShooter" fullname="Generics.Robots.Architecture_Should.BeCorrectForShooter" methodname="BeCorrectForShooter" classname="Generics.Robots.Architecture_Should" runstate="Runnable" seed="569405649" result="Passed" start-time="2017-03-05 18:15:44Z" end-time="2017-03-05 18:15:44Z" duration="0.000937" asserts="1" />
        </test-suite>
      </test-suite>
    </test-suite>
  </test-suite>
</test-run>